121 373
966 360
278 732
736 644
728 582
667 102
905 900
412 954
522 405
70 158
960 523
858 100
426 748
793 582
178 421
135 633
376 129
905 675
263 373
232 103
736 521
825 782
460 343
667 369
966 274
977 279
288 61
18 61
316 368
905 677
670 892
824 940
858 392
883 801
518 421
905 262
858 700
647 373
198 582
149 279
944 61
736 937
34 421
858 581
960 504
960 335
736 501
587 373
905 888
68 834
966 207
552 279
680 895
18 147
958 61
407 873
824 749
412 714
197 158
825 532
365 112
557 437
319 61
232 605
905 325
667 249
232 666
960 483
332 437
736 834
960 96
611 159
667 362
387 804
232 441
522 66
966 438
232 705
27 582
796 421
583 520
667 928
825 921
534 515
460 129
332 773
205 279
246 421
966 93
591 153
160 222
858 785
188 373
215 373
667 657
960 867
736 901
960 12
911 61
533 732
166 520
960 273
905 343
667 990
431 373
163 582
332 758
736 362
196 732
522 206
194 169
339 61
709 373
960 862
966 749
905 942
281 158
69 61
460 740
905 551
103 850
944 25
2 652
209 796
843 582
960 845
300 169
947 421
770 61
135 843
308 421
583 158
95 894
110 279
355 785
621 373
355 62
670 732
370 732
183 133
966 342
232 125
228 373
426 801
88 283
296 373
736 819
332 610
583 129
232 524
589 854
177 732
232 636
387 593
960 306
160 404
905 66
60 373
858 35
824 499
363 61
166 373
711 520
848 873
743 732
160 677
905 430
588 373
736 621
562 279
960 767
450 421
88 687
953 61
960 66
966 834
412 506
207 435
95 148
509 582
308 82
460 421
95 856
667 6
736 723
209 813
743 732
460 175
833 373
610 159
824 112
998 829
88 869
402 373
88 26
186 279
332 803
460 253
966 196
232 671
736 889
294 850
126 737
332 64
144 169
460 336
630 754
116 732
682 129
960 809
53 373
507 112
825 488
945 732
487 421
736 358
232 283
966 943
232 750
825 50
101 279
821 540
960 118
369 169
911 50
833 153
221 129
960 66
460 481
824 318
688 582
546 520
787 169
115 373
566 157
359 513
667 743
905 139
607 129
232 408
905 869
968 435
662 368
407 117
355 131
849 368
966 320
841 732
88 25
825 389
621 112
241 582
387 182
511 373
873 373
960 234
556 834
637 422
825 433
422 716
855 421
905 237
355 373
667 912
95 196
88 219
460 552
998 153
270 169
272 447
667 837
176 158
663 129
160 883
825 392
120 582
160 552
85 373
905 784
571 435
774 159
232 699
960 286
736 899
858 560
232 729
960 844
232 593
105 158
332 148
88 931
858 457
407 873
2 76
583 279
232 902
931 373
824 883
496 158
975 373
944 606
232 296
576 153
332 45
478 373
522 723
736 965
858 603
736 958
331 142
202 421
545 692
332 119
160 392
18 840
308 72
534 849
524 582
460 117
691 855
736 102
736 909
966 287
412 876
842 158
294 850
896 61
272 758
740 373
830 159
858 675
905 597
966 281
455 421
667 25
460 448
412 654
960 783
557 189
232 349
591 112
232 66
680 99
121 732
810 435
670 26
522 577
667 526
533 129
232 45
611 112
825 189
832 169
135 785
486 373
887 279
40 169
245 159
272 732
966 485
667 373
825 803
945 801
895 112
337 158
423 792
966 873
359 176
960 315
160 785
460 225
570 158
160 603
191 422
553 421
387 104
145 158
858 258
2 421
18 298
460 507
236 279
191 986
74 169
973 732
966 737
952 61
966 812
88 577
160 821
329 850
355 138
104 61
858 486
736 996
825 595
272 479
230 169
92 933
376 61
606 129
680 151
960 737
160 161
858 470
736 703
332 128
507 112
667 763
838 158
339 732
160 73
607 53
825 783
160 206
387 636
905 254
353 169
793 61
460 137
102 850
261 159
736 358
33 169
316 435
95 813
858 233
669 373
736 341
460 147
39 279
722 61
318 279
33 279
232 616
308 66
789 732
518 279
232 636
319 61
667 457
827 582
667 520
799 61
88 93
858 369
119 373
948 421
960 378
637 234
97 520
455 373
742 801
820 112
573 435
966 404
451 834
31 373
376 373
929 279
232 80
460 15
95 829
667 862
220 373
286 169
962 61
522 432
637 373
269 829
647 61
670 380
667 468
460 254
960 886
95 586
736 360
960 112
272 444
858 987
667 749
878 169
522 830
905 937
232 987
160 390
825 814
332 636
232 225
610 373
387 832
378 373
736 659
978 834
285 169
297 158
824 517
736 657
824 318
460 231
773 61
509 279
128 582
630 582
55 112
736 264
460 877
403 582
673 716
351 279
558 373
813 873
49 61
879 732
858 811
272 505
88 3
960 22
404 435
952 990
376 373
658 159
887 61
825 669
460 819
905 867
753 716
905 491
160 561
960 925
232 933
858 559
163 780
232 375
460 656
160 294
960 652
191 76
10 368
489 855
667 815
522 959
427 158
824 821
391 158
412 159
670 294
684 732
602 963
960 287
88 249
663 520
460 865
667 1
825 518
95 498
232 356
824 821
825 316
95 702
858 109
825 977
79 732
460 685
893 112
470 732
670 685
67 158
736 352
267 373
88 158
385 143
825 494
548 169
375 61
177 732
858 10
966 634
825 792
272 320
736 760
557 473
545 14
713 112
824 451
160 360
191 404
882 732
952 279
537 112
886 368
545 326
825 718
19 582
655 169
460 279
659 373
966 36
232 802
387 517
960 249
898 158
576 373
460 146
232 576
960 770
272 28
952 829
272 666
960 526
258 373
736 951
960 152
549 36
927 373
966 437
232 716
95 551
534 206
198 855
592 435
20 61
960 932
160 782
440 61
303 169
183 712
67 801
387 792
232 510
858 486
905 577
308 943
960 382
736 829
88 203
387 809
331 112
202 850
232 982
272 104
332 456
88 525
95 325
788 61
824 900
960 433
522 462
890 582
932 61
340 832
708 582
95 55
522 924
424 732
232 797
824 784
877 732
667 236
858 675
272 323
966 82
960 438
824 716
235 373
751 158
349 435
160 1
545 418
846 421
905 715
135 873
667 763
47 732
10 112
905 325
905 696
797 373
232 496
460 324
556 373
232 432
563 158
78 117
824 937
272 575
51 169
667 300
187 373
642 169
439 153
960 144
736 626
583 421
736 374
11 158
232 550
917 855
232 247
824 286
439 129
616 158
824 514
875 435
762 582
263 158
683 61
966 886
924 801
291 279
20 279
607 586
307 732
95 948
905 233
232 283
825 286
113 368
100 61
88 91
186 373
779 153
160 884
905 944
966 810
981 520
545 513
949 169
633 159
460 909
824 128
95 636
217 582
960 214
667 812
667 187
667 992
209 247
95 242
825 548
154 169
959 421
160 737
960 109
736 253
232 204
332 52
976 582
665 520
960 368
946 298
960 873
966 235
402 373
387 427
387 61
145 61
960 932
736 618
893 158
160 582
736 743
960 862
960 205
947 582
858 333
853 169
276 129
355 176
618 158
372 279
960 933
437 61
232 642
736 12
65 279
960 101
272 449
439 159
412 639
518 421
736 920
858 516
736 884
670 892
10 855
631 129
408 8
905 507
877 582
658 373
667 909
905 405
636 520
160 124
17 158
460 7
607 133
680 769
590 801
960 749
522 39
387 169
460 305
417 582
635 61
825 368
546 520
824 329
825 622
387 453
241 12
627 456
522 655
858 972
160 497
736 93
92 112
824 864
736 726
577 435
667 506
772 61
451 96
736 784
95 394
605 61
145 158
846 169
332 656
667 834
268 61
825 296
858 769
106 159
123 279
387 732
160 835
560 373
460 69
736 266
775 582
708 61
966 731
774 159
960 100
989 801
905 879
736 107
905 125
11 158
824 697
364 732
667 831
729 203
680 358
462 582
858 422
672 421
736 683
522 601
539 732
825 538
966 785
620 834
549 834
947 520
825 394
894 373
95 32
905 205
387 429
905 142
455 421
530 129
95 539
675 435
217 421
387 523
883 582
545 297
2 415
232 372
332 172
966 470
88 220
534 481
174 373
824 327
549 368
251 740
670 577
622 368
367 732
232 742
209 508
514 169
232 184
338 169
736 554
545 747
209 918
95 705
825 341
506 61
209 428
534 983
534 489
272 541
355 748
667 416
194 787
164 159
966 853
419 732
198 435
858 602
966 168
517 520
962 368
88 449
706 456
858 502
930 373
99 421
232 622
81 582
858 326
107 279
94 732
460 414
241 415
191 146
606 279
824 416
522 393
88 449
183 320
387 336
272 437
960 5
736 772
966 362
106 373
973 158
960 871
825 728
607 864
824 718
966 409
232 572
232 60
922 435
753 279
654 158
980 61
860 435
160 835
960 509
95 11
88 513
667 755
195 520
680 675
905 999
782 169
960 14
522 582
160 817
960 526
557 508
270 91
825 172
198 732
116 642
424 129
905 448
232 509
554 279
232 865
824 634
512 855
666 279
97 373
966 888
617 61
232 496
570 732
394 159
460 833
370 732
960 119
736 518
639 368
209 483
858 805
966 831
476 373
160 821
751 373
680 319
948 61
130 373
664 129
786 279
882 850
667 431
232 92
607 584
88 225
213 421
160 222
959 732
460 208
488 112
960 823
272 644
825 324
973 158
653 582
736 115
396 373
95 199
116 421
332 508
736 152
332 762
460 807
736 240
308 373
160 8
244 435
250 342
698 129
86 880
688 732
905 473
166 732
79 582
455 373
891 96
126 737
858 129
507 716
232 691
736 620
272 110
994 50
736 582
232 798
794 582
232 378
825 139
545 148
100 159
545 326
736 894
5 373
966 435
779 153
667 68
243 61
726 421
966 560
18 622
960 865
232 378
522 386
232 940
670 691
522 303
160 411
90 158
966 640
209 776
687 850
922 279
970 129
825 742
54 129
440 582
966 16
185 61
877 801
460 411
387 964
65 169
460 987
346 373
966 525
645 855
160 737
966 504
691 153
337 159
955 801
736 661
387 991
458 61
824 654
752 456
183 510
667 361
557 850
878 169
272 462
88 857
849 61
948 421
858 697
956 61
825 72
825 955
777 421
227 279
919 158
998 158
272 30
232 158
545 517
95 740
667 315
460 555
21 153
700 61
717 169
620 61
84 61
440 421
206 61
966 992
248 435
667 983
736 54
966 547
332 773
966 812
460 190
272 240
960 661
477 582
460 772
232 988
185 279
232 963
703 169
214 158
966 823
731 373
321 159
858 565
960 773
607 152
613 279
622 732
308 892
427 373
949 373
966 342
670 321
600 582
232 164
232 212
232 309
905 212
858 801
607 513
492 373
2 657
160 179
88 786
736 494
726 279
522 371
966 768
486 873
816 158
135 892
875 368
350 520
804 732
280 582
640 421
526 435
487 732
272 280
332 515
387 798
546 279
135 672
70 582
307 61
110 158
825 274
487 373
825 433
588 834
332 874
960 668
487 421
680 309
960 937
710 61
232 592
481 129
332 919
232 85
272 158
771 169
905 14
667 504
272 240
534 657
905 561
935 520
307 368
2 290
65 933
905 418
761 909
859 279
332 416
522 365
409 158
680 807
232 306
241 342
88 515
281 373
82 435
387 677
978 421
228 158
905 971
642 435
164 582
960 606
444 435
460 479
736 876
995 373
145 159
332 381
285 61
391 732
333 373
387 86
68 61
667 400
825 924
960 699
217 112
272 598
827 158
741 725
966 228
984 732
160 835
877 829
455 855
130 158
460 411
910 732
88 366
272 747
241 249
160 807
48 28
251 65
736 421
401 732
232 378
680 309
966 441
825 326
160 888
150 373
160 528
824 810
160 354
160 539
905 411
743 582
966 540
993 582
372 373
288 279
645 855
966 622
571 61
370 716
905 888
2 951
736 303
960 798
793 732
45 129
522 829
662 582
95 290
412 133
680 805
541 129
858 802
966 536
858 992
960 797
966 483
534 70
960 339
667 924
387 547
607 725
412 208
680 758
870 829
736 567
843 373
232 938
607 153
905 30
805 368
779 373
667 187
970 61
534 201
648 732
209 257
614 91
387 470
160 120
232 876
310 61
557 936
272 82
460 169
309 61
379 169
409 203
307 61
49 373
132 770
54 373
446 373
425 61
543 373
824 70
736 822
966 336
905 499
249 435
999 582
860 50
825 132
952 421
88 143
258 801
858 409
960 397
545 152
2 741
232 476
485 373
232 233
232 636
978 112
232 25
457 169
973 129
825 769
966 328
659 582
905 975
858 529
308 652
824 723
483 421
47 373
138 61
28 373
427 112
741 801
522 449
272 133
966 203
272 727
824 222
966 287
274 373
905 264
387 883
905 269
680 433
578 850
966 483
607 406
960 170
966 483
667 113
3 112
960 155
825 31
960 814
460 829
56 129
332 685
306 112
595 435
813 279
500 373
232 685
736 388
460 335
966 864
232 292
989 834
387 177
88 81
18 732
766 112
316 279
209 212
825 392
387 707
928 279
232 947
88 717
667 782
120 61
232 265
978 112
439 169
960 138
272 318
858 373
183 582
232 196
459 298
966 823
361 421
232 283
670 221
272 15
736 421
95 662
232 770
589 55
191 767
826 373
691 716
977 732
858 408
736 14
966 404
171 732
966 326
545 706
431 112
973 582
657 421
966 495
590 801
149 129
607 801
690 169
766 582
869 279
676 279
460 104
534 876
123 732
232 66
350 158
905 755
209 778
825 50
232 445
960 81
522 732
160 520
824 497
655 169
905 239
95 271
232 490
858 15
18 414
160 741
183 25
119 158
825 932
803 91
2 927
417 169
736 101
19 61
232 91
998 61
197 582
607 56
905 422
949 732
251 727
545 617
736 886
49 732
736 677
364 159
960 350
607 224
176 159
819 520
134 169
911 435
960 927
824 883
472 153
858 490
966 957
825 6
88 891
471 435
443 373
144 91
343 373
905 862
365 435
858 221
95 484
824 585
232 720
387 829
353 159
736 190
185 421
507 112
761 873
745 582
887 159
250 421
960 380
858 378
160 760
543 368
739 169
340 433
736 586
802 279
545 152
966 655
680 727
736 904
843 725
160 598
531 435
65 373
919 435
611 61
332 505
736 642
566 14
522 398
191 685
667 305
970 61
680 432
486 801
232 554
824 222
387 420
858 837
385 456
228 279
2 179
232 423
619 873
308 927
887 279
244 855
216 368
825 603
78 582
332 269
837 153
457 169
194 371
437 435
180 582
211 373
232 273
592 435
754 732
905 468
209 80
650 129
202 829
667 990
232 21
667 161
966 28
121 279
825 128
51 368
858 809
966 237
160 325
232 106
736 378
56 373
641 169
492 582
667 428
424 129
32 112
841 732
960 836
387 898
232 928
522 63
966 583
412 321
617 373
194 371
960 333
905 304
534 404
994 112
534 687
882 732
18 158
387 685
248 435
88 777
284 373
578 520
59 582
394 582
549 36
872 373
736 303
160 564
722 373
905 384
966 305
232 958
123 50
860 435
667 687
360 61
960 773
272 463
680 142
557 480
511 732
858 180
522 393
824 327
448 373
326 933
2 421
135 573
966 305
736 159
736 716
734 279
977 358
232 418
960 894
913 582
824 550
140 61
232 787
545 449
247 153
209 989
88 829
843 61
187 61
160 851
232 143
966 822
619 582
88 763
874 158
960 106
532 373
881 716
617 61
858 170
338 675
284 61
460 918
232 766
960 437
232 712
444 421
858 231
524 732
95 271
960 619
452 61
209 279
649 421
667 458
135 320
232 49
736 377
258 373
209 439
426 373
95 218
355 286
607 883
509 373
135 472
966 587
960 29
966 459
6 373
232 710
232 413
179 582
869 61
608 112
736 575
88 449
460 295
95 539
88 172
824 491
968 435
77 279
369 169
650 582
232 834
917 421
232 264
460 231
378 373
350 582
960 326
960 283
736 855
522 476
581 279
460 911
858 141
332 536
116 413
545 965
966 732
966 613
328 50
21 582
160 801
405 129
460 510
960 218
508 732
736 225
460 480
460 287
736 731
960 990
736 686
905 919
160 316
713 159
385 879
736 215
955 421
232 324
272 501
460 137
191 404
460 438
736 156
387 754
387 677
58 814
565 582
557 158
667 319
196 850
868 61
905 523
845 279
960 538
272 453
30 50
400 279
960 597
618 582
966 25
232 623
77 850
630 112
482 732
797 158
680 133
160 25
460 706
858 36
960 967
960 646
272 939
232 829
680 566
173 582
994 112
590 801
259 159
960 823
156 520
667 879
981 61
178 61
679 169
293 850
646 582
914 855
460 419
736 164
825 368
294 732
232 520
183 373
667 93
960 786
223 279
232 927
49 850
858 555
272 742
966 89
308 66
354 279
95 122
973 373
404 373
160 490
120 520
387 636
522 102
88 249
340 520
905 819
878 582
858 491
387 470
610 732
715 834
585 112
232 671
49 169
460 152
557 480
680 152
331 582
960 740
272 845
468 373
522 11
232 289
141 873
232 247
477 50
160 967
362 520
817 61
355 314
95 809
680 985
905 922
966 347
308 215
437 61
905 689
232 725
401 732
858 244
260 50
204 61
878 169
931 963
232 945
858 292
460 182
123 279
460 255
581 373
905 770
858 214
794 279
648 732
135 237
335 520
272 685
667 862
824 781
667 421
858 886
95 596
557 170
135 93
868 279
647 169
345 963
605 873
460 94
188 169
86 153
960 590
183 373
543 159
757 158
966 784
340 286
635 373
791 279
824 312
825 9
387 931
667 441
460 760
516 732
214 421
332 919
960 958
667 783
95 823
497 732
960 538
185 169
545 938
171 169
78 169
667 439
625 36
232 854
905 399
825 742
858 343
592 732
802 582
966 925
2 924
95 167
824 289
966 540
332 456
102 850
197 373
905 324
823 732
239 169
907 373
858 968
232 435
58 26
359 785
522 119
160 817
460 552
160 789
88 812
232 325
824 119
721 582
886 61
618 421
736 909
827 829
522 386
272 786
804 373
419 520
33 520
939 153
917 855
67 732
825 718
387 871
209 225
736 380
736 717
960 318
667 555
272 25
460 704
232 208
628 159
135 705
90 582
751 158
966 19
389 716
960 931
858 433
232 32
635 129
387 366
824 354
905 490
242 435
332 597
160 520
362 373
680 196
858 72
757 855
340 891
232 554
160 943
272 588
966 781
524 373
149 373
545 902
116 659
353 963
942 368
332 284
670 864
703 834
661 850
95 893
960 870
75 373
534 552
183 712
133 732
905 653
960 671
116 435
387 92
327 158
415 279
824 800
966 656
984 129
824 181
736 765
952 421
259 279
736 195
960 199
736 434
300 373
460 836
905 823
591 373
966 968
825 368
105 963
670 523
387 707
232 684
485 158
858 490
410 421
232 567
966 687
160 375
160 449
966 585
676 279
412 45
324 112
960 167
825 995
960 847
858 523
670 304
209 23
960 107
95 568
272 715
633 279
210 732
824 598
736 755
223 582
460 378
889 169
116 421
858 148
825 320
858 237
460 871
387 831
844 279
232 884
237 421
355 131
895 368
797 129
632 373
482 421
607 428
276 373
183 153
667 805
607 123
460 111
430 169
667 224
160 416
362 963
387 436
670 224
376 112
905 249
491 159
116 435
312 456
18 813
545 330
905 971
334 435
88 514
387 613
105 963
736 81
670 224
905 559
95 696
975 421
332 279
960 566
460 617
94 850
610 129
667 657
346 435
115 96
736 378
209 560
896 435
99 279
460 993
18 279
897 834
95 282
362 435
160 892
387 898
248 435
88 188
173 373
272 347
442 373
232 368
232 839
542 435
236 582
806 582
570 61
736 573
232 980
160 222
960 169
235 373
410 582
522 66
960 451
417 373
262 373
736 217
667 683
232 189
209 805
69 520
232 292
921 421
331 582
232 932
209 208
308 871
966 990
670 303
82 61
272 548
976 61
966 484
48 873
557 279
905 598
460 877
522 410
960 636
460 827
232 290
825 408
905 225
226 279
825 106
704 732
545 401
567 435
332 202
545 371
95 491
2 170
960 830
491 850
232 588
866 421
232 865
251 740
332 758
966 207
736 199
670 152
95 635
960 701
624 373
655 279
232 641
966 873
966 811
277 421
64 582
766 829
667 420
534 122
966 432
994 757
205 520
966 685
460 620
62 421
296 159
966 927
317 582
602 716
242 368
824 793
504 435
534 552
825 256
209 489
530 61
667 743
921 169
545 819
223 169
976 158
633 61
715 421
486 582
736 220
854 732
160 420
43 61
665 813
698 732
522 909
735 61
41 520
999 520
460 687
736 633
960 572
960 641
722 61
504 50
736 152
543 373
88 231
858 996
570 834
689 61
557 876
736 290
2 936
95 698
966 751
412 713
232 705
960 497
232 378
589 368
667 937
607 133
667 550
960 592
545 24
308 857
174 990
332 434
736 360
905 819
721 373
966 604
905 990
160 782
945 158
976 169
16 61
680 182
824 853
949 158
191 389
679 373
232 811
488 112
627 66
545 360
545 844
905 323
232 955
689 158
460 885
232 995
95 532
966 30
728 153
886 61
272 595
272 138
662 373
545 759
833 520
209 776
460 569
935 373
387 754
77 801
460 561
736 986
629 582
680 319
905 569
400 279
819 342
272 93
88 561
534 71
332 70
425 158
713 169
272 919
858 101
649 582
440 933
232 474
232 606
241 909
95 881
351 716
817 117
391 421
905 868
545 180
736 992
18 61
629 153
460 473
607 403
95 222
978 129
522 214
135 590
683 158
209 138
95 813
545 416
136 873
966 685
903 520
149 169
522 669
545 29
905 222
397 582
90 373
385 732
966 112
285 520
960 512
232 716
736 25
736 525
960 139
116 237
267 61
116 244
160 822
960 129
460 753
460 809
629 153
667 630
332 279
670 447
723 801
349 61
905 28
232 634
858 158
2 829
460 233
905 130
905 86
272 15
968 732
246 716
460 3
95 611
301 435
825 982
460 355
960 754
960 257
232 89
790 373
960 100
375 373
829 112
389 421
190 169
593 582
960 610
905 723
960 697
611 112
825 286
232 378
667 687
825 320
293 801
447 158
680 286
656 582
996 681
824 749
670 725
103 520
88 712
387 188
194 550
64 61
65 582
825 540
692 373
2 176
757 169
160 265
960 730
960 989
399 368
372 112
824 591
736 831
926 158
387 873
460 710
858 704
607 157
858 81
980 421
33 129
371 169
2 915
2 553
736 437
825 837
966 689
95 96
639 421
262 112
209 582
86 880
105 373
949 732
160 326
252 421
272 609
960 419
531 61
460 271
160 934
196 456
387 129
232 488
905 835
332 334
960 110
966 515
191 652
95 323
903 421
233 435
232 433
95 603
749 159
960 429
406 158
858 821
272 213
160 480
168 435
387 741
160 753
460 221
871 279
160 577
88 315
272 93
858 952
452 368
960 391
160 644
85 169
95 645
661 158
966 577
504 153
460 403
331 834
191 816
209 162
893 129
299 169
355 62
667 106
905 162
700 582
170 373
607 468
511 748
460 792
588 834
736 551
825 70
160 733
630 520
960 615
733 732
332 264
444 582
960 358
524 732
272 919
530 169
266 129
961 873
966 864
232 214
630 61
960 309
667 359
230 169
976 61
796 421
966 517
545 823
905 923
19 582
960 177
680 760
68 855
58 850
619 279
676 61
232 270
460 366
563 373
858 957
713 279
191 986
960 306
276 129
613 61
653 279
149 61
966 700
482 373
48 368
607 35
667 712
680 432
284 129
593 716
960 87
905 400
387 762
460 773
226 279
578 582
379 61
760 129
272 74
95 52
960 564
766 435
116 566
95 792
452 61
37 421
460 133
232 234
545 55
460 882
545 829
966 913
825 807
190 582
272 682
460 492
235 834
460 737
824 737
736 1
667 145
471 435
667 755
717 169
824 711
460 458
403 520
858 472
670 169
966 862
919 279
966 594
589 304
150 582
960 879
63 61
88 684
719 279
966 479
191 52
629 873
271 373
355 373
407 582
825 525
667 300
232 122
617 50
460 402
858 551
918 582
960 13
232 498
753 421
736 808
135 320
736 499
825 528
858 862
232 87
507 373
88 153
160 101
257 373
383 169
232 159
331 279
232 584
960 937
160 801
465 158
736 562
939 520
248 582
668 373
736 631
343 850
861 61
332 144
974 421
574 435
905 367
577 801
944 682
966 334
673 61
160 445
232 305
960 306
130 801
483 850
557 167
460 523
839 129
681 582
905 732
404 158
460 586
232 324
966 224
824 509
825 393
78 169
970 834
105 829
826 582
545 115
522 950
355 260
736 899
824 76
387 613
960 269
369 61
665 373
825 215
858 772
340 862
434 855
960 104
966 792
667 916
412 740
658 520
667 656
980 373
825 704
533 520
308 420
545 106
960 941
272 72
426 714
905 411
272 880
640 801
667 165
332 508
755 520
960 983
274 732
191 291
960 394
736 276
534 70
167 421
905 851
966 330
460 302
665 813
160 428
232 976
772 732
56 61
160 253
854 153
191 409
232 684
663 582
858 159
960 281
15 279
736 234
824 508
966 820
160 782
930 732
739 368
272 820
324 159
856 421
966 466
232 848
747 990
966 914
340 550
825 924
194 207
309 169
209 871
460 404
858 373
552 373
461 582
161 279
648 169
667 716
721 61
736 36
232 432
695 169
285 834
516 373
79 582
497 732
736 264
557 421
960 567
95 196
95 267
166 373
160 326
18 158
966 951
736 886
272 819
209 373
522 864
541 158
548 61
199 169
476 373
700 435
824 967
232 104
48 279
736 78
412 481
222 520
332 801
160 850
871 279
194 732
232 344
534 102
95 900
56 435
232 950
508 158
960 377
848 169
667 925
460 957
966 835
511 61
95 93
232 416
736 843
272 494
680 740
95 481
387 381
460 711
949 801
858 528
858 764
960 393
966 57
577 754
858 436
74 716
670 210
126 568
183 724
571 732
281 373
825 353
263 421
960 151
736 459
924 520
387 658
164 61
858 747
736 207
216 834
2 542
945 279
905 218
905 336
736 72
139 129
545 225
858 146
966 603
18 540
966 685
185 279
232 844
700 716
332 154
960 91
331 850
88 282
460 957
625 158
160 892
322 582
887 801
7 732
460 831
569 373
232 399
736 487
905 867
789 169
209 167
160 888
338 61
608 112
280 112
672 829
766 582
824 100
460 402
407 461
960 976
130 801
966 61
824 479
910 279
160 656
272 727
736 719
412 955
632 279
257 61
160 255
387 86
160 950
736 43
869 850
824 654
88 931
680 352
966 801
952 582
2 190
18 789
462 754
522 839
981 520
858 273
160 594
991 801
232 856
960 955
177 520
139 279
402 112
364 582
460 296
95 478
160 817
2 536
522 613
667 854
905 142
332 76
688 298
736 876
232 999
232 62
333 279
960 234
825 829
507 129
318 169
460 706
160 337
522 902
460 295
209 162
858 114
272 505
280 582
905 368
88 628
824 577
962 61
621 159
557 914
95 526
496 169
645 435
522 398
960 778
875 520
825 162
736 279
88 118
334 421
232 674
894 732
522 651
95 61
848 873
612 373
960 71
905 748
232 351
573 61
387 170
340 286
160 817
403 855
960 138
522 422
232 188
232 869
667 45
788 61
387 755
667 11
667 652
824 941
695 249
771 169
736 170
617 902
216 373
858 371
116 732
824 723
460 393
412 528
918 129
31 421
272 909
79 582
667 629
387 303
905 757
460 963
396 582
905 686
396 435
824 483
272 560
905 32
897 754
272 446
825 989
383 61
736 765
232 842
460 691
405 112
398 873
95 781
696 834
522 342
321 159
139 279
667 279
736 748
745 373
905 246
293 850
545 159
736 264
135 829
853 421
695 169
736 834
160 286
858 159
722 732
186 279
511 748
867 456
858 613
966 52
867 129
455 829
858 758
667 138
354 829
779 373
966 324
841 368
220 732
460 497
88 283
959 834
272 280
757 855
989 157
858 955
272 683
898 61
612 61
693 61
960 641
460 23
722 129
667 742
535 342
20 716
232 758
858 374
88 982
853 129
272 919
966 260
350 129
338 279
929 237
674 50
694 373
597 50
667 457
522 357
56 582
402 112
858 399
689 61
858 621
88 687
88 705
460 2
511 342
272 682
557 8
962 373
807 279
858 52
667 888
219 169
191 728
824 389
966 182
613 279
979 421
667 154
680 373
905 622
615 159
960 451
562 14
960 114
736 563
631 159
19 373
460 25
272 850
966 295
116 373
966 842
698 373
209 678
84 421
905 294
272 585
332 280
301 169
628 91
209 831
328 279
270 112
736 586
487 279
549 716
475 61
966 690
649 169
825 888
460 390
858 288
334 435
88 540
272 44
105 61
557 413
460 16
460 813
905 582
667 989
960 8
667 630
522 41
667 915
308 420
160 326
160 902
412 970
460 110
790 421
135 785
736 789
272 44
667 537
816 435
730 855
825 210
460 500
839 732
674 264
347 421
858 419
886 850
858 729
702 582
201 582
777 435
966 30
960 931
960 712
554 582
736 594
680 856
136 520
110 298
966 301
359 373
959 520
387 820
160 726
350 829
858 432
545 413
79 169
994 600
232 770
160 900
2 559
442 203
960 691
160 188
736 501
774 873
95 403
332 705
736 742
209 55
474 61
959 801
976 421
21 582
670 506
8 61
19 421
621 158
420 112
995 169
530 435
667 315
960 394
460 142
966 793
828 850
167 158
490 158
736 429
843 279
545 325
825 169
824 839
308 884
680 833
160 939
332 303
60 373
232 805
104 153
160 906
780 834
95 851
232 688
736 71
387 596
448 829
745 373
960 157
960 422
236 582
355 992
197 435
786 112
272 938
580 61
241 279
88 228
885 732
120 129
682 829
588 279
960 664
736 465
77 880
232 453
865 582
445 850
95 610
667 100
960 869
232 688
272 577
232 780
257 421
607 864
357 829
777 159
479 801
533 279
88 513
185 61
966 865
232 91
960 621
905 456
736 463
858 697
387 991
905 894
95 39
595 8
444 582
736 296
163 373
149 279
121 732
316 61
191 146
670 295
51 850
905 192
177 520
251 727
460 535
191 489
966 421
887 279
426 801
418 732
507 158
905 210
608 582
272 290
328 279
202 169
557 416
387 574
973 129
825 279
227 582
460 561
160 324
31 169
217 732
617 932
858 563
209 286
960 696
960 776
271 61
960 574
45 435
95 591
966 223
232 476
110 279
232 704
670 893
667 403
905 28
858 955
858 480
863 50
359 990
695 169
135 748
667 941
343 96
589 724
417 732
48 368
414 169
746 368
301 435
825 373
333 169
232 28
736 218
232 758
858 897
736 267
960 301
232 632
232 188
824 532
272 411
825 296
95 189
88 717
736 317
976 421
160 852
191 14
95 596
905 613
630 112
196 435
272 550
966 801
18 159
251 61
540 169
902 801
966 996
230 373
460 850
390 435
232 517
637 159
944 91
667 16
536 435
93 129
98 834
460 924
396 279
982 855
460 760
221 61
457 169
858 540
960 337
805 279
841 368
191 864
387 759
308 158
695 203
290 373
802 582
825 377
668 435
905 926
670 279
377 435
949 801
960 852
412 357
546 582
960 719
704 754
95 901
2 819
960 671
574 435
870 520
574 834
160 967
160 298
698 829
667 346
423 61
905 852
556 153
858 81
232 235
680 780
667 654
160 688
571 435
160 564
232 297
858 50
825 375
625 279
95 141
905 158
332 280
232 413
647 421
88 237
412 776
960 72
824 382
563 169
460 231
232 305
415 435
771 413
736 184
966 954
774 541
522 538
232 50
960 599
27 279
220 158
95 528
302 373
966 468
399 50
272 591
404 421
232 733
88 873
906 159
160 248
124 152
116 484
460 834
232 505
308 618
460 258
905 671
663 129
27 801
412 641
960 867
951 169
232 118
858 626
332 456
960 816
935 421
230 158
736 595
232 641
387 551
960 295
966 167
824 881
670 513
522 550
740 421
600 582
966 985
960 318
160 726
691 582
337 158
522 27
907 159
226 732
209 831
191 142
767 873
680 432
272 70
272 83
522 182
905 696
468 203
95 586
969 373
858 91
460 989
359 373
19 158
389 368
375 61
960 431
396 279
667 377
858 582
95 880
460 215
67 158
608 582
219 153
272 756
278 61
736 783
960 852
825 25
440 933
262 732
825 341
232 196
232 102
163 741
332 353
272 847
460 833
736 950
960 400
858 712
608 112
387 991
209 596
213 421
232 101
825 133
905 712
232 556
460 286
332 701
905 705
222 520
272 122
736 157
853 129
984 373
369 373
365 725
667 406
276 732
340 403
960 122
379 582
232 857
277 368
670 210
209 249
858 550
966 864
960 153
858 726
17 873
825 394
667 996
858 780
522 393
232 798
272 840
905 26
1000 373
661 582
711 520
127 582
553 902
350 829
713 112
611 373
557 23
797 520
966 28
802 61
232 677
639 129
443 373
905 390
11 732
667 461
355 748
522 732
736 719
590 169
531 373
135 888
960 57
756 279
960 89
18 61
882 850
736 170
960 205
323 153
905 206
95 781
160 15
460 106
387 156
895 169
952 421
686 373
960 884
95 496
232 423
648 112
545 67
994 264
951 112
858 613
662 582
966 968
218 203
858 162
736 786
667 236
667 139
437 834
875 61
989 732
489 279
530 169
272 914
700 716
719 435
905 514
471 732
905 212
960 918
938 435
522 705
160 580
825 357
522 660
460 934
160 539
232 537
858 343
905 271
845 373
960 317
736 996
796 421
154 368
960 853
232 309
917 421
966 821
412 904
232 177
848 169
78 117
694 157
288 732
65 298
430 61
95 635
905 105
670 295
672 732
160 139
160 62
858 10
340 479
626 732
610 435
522 505
989 732
524 373
522 124
272 538
955 279
217 61
308 741
824 421
966 569
670 791
460 263
701 129
966 1
858 728
31 169
825 413
460 247
966 130
40 963
557 421
789 169
232 85
736 996
667 305
556 61
736 561
796 61
95 598
824 255
824 327
751 732
232 234
966 357
77 421
95 517
460 550
38 716
464 732
460 420
17 61
621 169
736 245
362 963
524 725
2 371
825 683
160 717
232 850
570 158
272 595
738 298
966 119
232 739
895 61
276 373
825 414
453 582
490 159
799 158
858 572
191 61
825 630
387 950
545 234
354 112
6 435
191 685
232 171
994 264
736 584
455 373
125 754
90 435
545 14
825 869
707 850
422 61
824 737
388 829
387 275
191 386
858 535
18 89
736 990
779 716
680 222
966 598
966 4
232 621
966 366
160 817
941 421
960 1
332 96
88 384
854 158
670 518
905 269
696 435
545 965
135 245
960 587
670 321
743 582
324 582
292 373
453 520
736 333
232 168
460 914
589 696
825 311
667 19
116 212
356 129
667 749
890 368
995 169
424 61
160 420
224 129
340 373
545 916
667 799
254 158
534 886
788 279
641 732
960 922
232 74
736 598
973 129
825 61
104 153
960 619
905 222
905 536
858 568
580 169
574 279
391 169
232 87
825 133
387 335
545 175
232 261
839 732
524 129
667 501
905 784
135 152
736 288
776 732
960 538
88 228
680 675
678 834
960 114
483 50
232 609
966 872
689 732
960 320
415 829
822 61
49 732
918 368
824 378
460 347
209 325
356 373
387 177
409 582
584 169
232 68
995 873
95 540
966 1
557 170
688 298
197 373
522 484
160 240
281 279
209 366
401 582
58 72
960 629
667 100
984 129
905 482
276 169
160 237
272 812
872 732
667 812
209 502
95 57
522 10
667 34
601 80
960 175
670 26
470 169
960 184
18 813
660 61
338 785
905 675
984 373
160 324
866 129
571 279
736 347
736 361
9 373
667 750
736 260
460 117
460 909
307 368
858 141
79 373
434 159
848 873
858 795
960 724
980 421
460 106
232 99
680 538
387 280
82 834
359 55
195 61
42 421
609 421
960 922
966 515
905 907
88 91
960 286
332 373
148 153
948 421
905 851
387 593
232 864
806 61
529 169
172 582
130 50
605 873
777 732
905 924
670 366
825 28
560 80
560 159
736 715
960 121
424 159
232 591
667 69
2 415
387 963
667 856
460 303
121 731
736 93
404 421
966 468
272 705
736 753
962 55
960 590
232 643
135 594
960 604
736 224
905 320
232 86
858 728
630 582
858 957
20 158
960 720
982 582
825 89
736 281
160 390
736 807
736 802
2 208
549 834
756 129
531 61
387 964
131 829
960 112
669 61
460 455
81 159
403 96
966 264
272 6
858 967
332 389
542 373
387 57
966 591
460 124
187 61
460 989
116 456
705 850
148 169
522 405
116 515
2 663
960 456
326 850
82 61
88 582
759 520
95 26
387 823
905 34
966 129
736 690
736 48
489 732
443 129
160 751
387 455
249 169
916 279
460 134
232 935
858 324
88 467
798 582
272 781
736 518
58 373
460 792
251 583
962 55
858 797
490 373
960 936
825 499
610 855
366 373
235 732
29 801
959 801
534 849
88 857
825 59
209 518
858 950
624 279
824 965
960 122
504 153
905 598
209 778
944 382
854 153
232 761
966 326
345 112
286 435
232 834
870 61
966 50
530 158
356 169
160 892
736 40
88 381
49 373
736 894
191 652
828 582
960 725
266 582
98 582
548 368
960 778
88 81
348 435
606 169
701 373
387 765
730 159
960 848
966 384
872 421
467 373
824 514
95 849
736 499
207 421
522 159
232 882
820 829
209 644
734 279
427 520
204 582
455 421
387 532
824 810
231 801
95 92
960 959
232 727
736 965
88 678
272 323
209 433
522 421
232 496
412 45
257 129
543 834
861 582
960 339
460 684
667 421
522 805
120 582
76 61
629 421
88 971
920 298
232 404
88 855
736 225
858 25
232 585
858 500
700 732
393 963
825 289
966 91
387 675
557 819
332 261
858 834
557 373
128 129
823 112
385 403
233 159
522 398
936 61
460 454
825 829
745 61
858 428
966 706
825 591
736 463
272 740
412 317
966 809
534 70
160 685
209 748
558 50
825 927
625 169
830 279
95 644
966 974
88 768
994 50
966 383
733 373
698 169
522 709
522 273
505 96
232 432
825 62
490 158
272 865
209 259
858 916
355 819
379 279
824 318
736 112
960 964
391 159
858 560
149 61
160 508
755 373
188 50
103 61
17 169
607 157
232 620
232 97
436 129
858 602
667 264
232 292
412 260
622 203
960 744
334 582
355 159
95 138
824 430
589 29
670 303
595 909
625 169
17 582
854 421
825 683
450 421
805 279
576 582
545 48
412 474
121 731
905 476
95 690
534 50
224 373
519 435
18 414
680 28
522 405
950 435
246 169
460 740
332 508
58 850
960 389
460 223
412 238
272 31
929 169
738 298
545 750
466 61
387 840
232 279
232 167
522 471
150 582
905 995
690 50
241 416
871 732
825 388
755 520
824 672
670 732
934 61
736 778
960 400
417 582
736 446
960 215
579 129
578 421
173 169
667 428
974 368
545 639
928 91
966 222
966 471
160 187
431 435
954 112
395 829
241 675
719 147
88 282
308 585
960 594
418 582
680 133
966 153
966 69
82 834
361 158
50 873
667 990
384 716
77 716
713 373
584 850
960 551
736 672
167 159
534 106
424 368
387 867
355 314
667 820
858 354
952 61
905 523
17 279
736 816
88 158
232 179
858 678
786 279
545 418
308 943
636 158
919 169
945 373
522 789
191 279
736 297
292 61
905 313
164 61
387 156
736 956
44 153
960 647
77 80
232 618
184 159
858 879
460 252
667 820
607 468
642 373
905 520
858 572
918 159
905 464
667 760
905 262
101 169
22 421
104 129
135 785
232 550
667 208
498 169
682 129
95 84
424 279
300 159
460 296
88 81
232 855
194 582
232 225
824 761
858 862
736 702
736 551
522 780
858 93
296 582
960 433
387 203
966 489
332 234
472 373
160 354
665 591
993 732
905 141
966 891
966 913
858 505
232 922
615 421
898 169
232 134
825 161
905 731
502 855
93 932
960 358
116 14
209 172
160 101
160 934
535 158
960 466
959 169
524 421
736 719
232 523
736 399
736 555
825 720
412 281
460 540
670 128
824 807
825 815
966 559
387 823
736 880
736 333
95 260
126 568
905 544
778 157
160 614
667 77
340 169
905 410
39 435
460 600
160 404
736 716
966 236
667 533
960 762
667 537
905 725
825 927
272 536
331 112
960 239
557 260
135 528
573 435
736 222
479 732
896 435
858 795
906 421
993 435
905 525
667 550
394 203
966 551
272 682
160 813
670 26
194 169
607 696
545 320
825 105
332 373
619 169
736 234
332 112
589 585
95 153
232 141
825 348
736 1
160 325
5 373
2 496
960 106
366 279
718 373
388 373
522 422
699 732
657 582
235 96
906 855
825 231
966 27
635 834
674 456
332 456
617 421
95 26
736 568
232 39
265 169
54 159
488 112
332 764
265 61
960 311
797 61
545 427
858 263
140 732
736 555
984 61
95 108
736 247
966 399
825 867
852 520
825 339
752 582
816 582
617 716
316 279
960 301
667 681
374 732
58 373
744 61
854 129
105 732
871 169
960 985
2 368
232 520
736 390
272 523
400 582
415 582
824 732
460 320
607 585
43 716
427 801
966 710
905 411
649 158
858 141
905 125
85 801
183 724
608 169
960 737
522 315
54 368
736 474
596 963
680 233
232 503
607 347
123 279
858 258
731 368
496 129
191 291
95 114
960 23
387 741
905 628
883 582
412 517
370 279
960 371
411 373
657 158
522 111
670 411
74 158
462 754
232 540
95 258
858 819
426 855
110 873
966 768
95 502
736 807
960 568
824 483
736 654
95 586
460 498
522 780
209 938
460 829
308 857
5 373
294 850
960 916
997 582
43 169
220 732
736 940
966 35
960 229
960 697
905 147
387 596
545 371
608 933
632 169
95 696
172 169
545 963
966 399
355 526
804 373
395 435
589 317
858 830
469 159
799 169
853 129
352 963
905 990
460 780
858 816
987 435
207 61
871 582
340 286
209 644
522 465
557 850
736 159
569 158
547 368
966 849
51 850
736 471
307 129
262 169
966 831
332 128
377 279
744 873
951 112
825 796
825 316
905 12
824 739
865 873
272 568
736 380
120 169
46 112
522 393
440 373
680 402
588 373
796 129
583 873
496 158
216 373
858 675
355 617
545 895
389 990
227 264
966 70
960 81
966 139
254 61
825 378
460 176
667 11
960 963
858 170
966 122
331 159
387 366
858 580
703 169
589 269
607 485
530 129
395 61
232 433
232 833
396 582
135 967
858 169
966 169
736 834
736 958
545 632
960 212
667 844
827 732
905 675
401 421
986 279
477 158
966 459
375 582
825 203
966 749
209 41
194 289
500 850
816 36
736 848
611 159
858 797
836 153
667 326
858 610
460 693
228 829
77 61
232 924
116 373
38 203
645 421
708 169
88 299
184 421
858 895
209 159
752 61
966 283
905 259
232 513
160 986
160 141
667 212
629 153
209 259
2 390
858 170
960 586
960 857
736 237
680 386
135 967
825 11
253 435
387 368
824 861
905 763
966 378
95 312
522 169
652 829
960 106
545 484
960 894
332 895
877 801
460 318
341 91
966 112
77 801
522 785
825 888
95 367
858 141
308 201
825 748
736 538
905 771
667 732
412 451
308 884
960 682
905 873
157 373
825 811
953 169
522 781
858 433
960 625
460 953
339 582
209 123
774 279
858 931
846 373
687 540
744 61
960 67
736 583
265 169
960 208
460 552
272 318
889 582
552 834
542 435
160 169
460 464
680 172
474 582
680 422
132 91
905 671
487 279
272 453
492 158
692 435
191 489
183 582
460 389
667 954
272 462
824 862
960 566
736 274
95 696
905 760
18 813
194 428
232 237
272 44
314 829
426 748
970 112
826 732
667 468
381 61
272 467
272 880
905 326
460 971
232 123
858 697
232 347
678 582
858 152
565 61
667 927
460 677
17 279
825 780
947 61
910 279
529 873
607 249
95 902
206 732
522 651
651 801
332 598
160 533
272 740
404 61
960 536
88 347
160 400
667 225
541 421
736 806
632 732
460 33
160 134
736 1000
950 279
232 516
272 479
199 582
757 829
824 514
858 428
232 801
670 334
387 81
736 668
460 791
522 485
209 808
412 883
296 732
232 107
272 532
995 61
736 53
842 732
774 582
762 169
232 229
308 938
44 421
352 732
33 732
543 373
48 158
655 61
665 169
209 738
700 61
960 733
825 481
389 873
858 106
121 61
736 751
18 520
379 373
978 129
635 582
905 879
299 158
355 335
825 210
135 528
232 731
752 582
104 520
680 805
431 279
460 146
151 732
460 358
960 804
905 381
497 158
667 321
522 503
736 353
825 205
387 271
949 421
825 749
690 169
620 368
905 442
960 643
960 466
825 413
825 781
659 933
248 582
670 836
736 914
332 234
79 732
944 392
332 483
960 700
33 159
272 10
587 902
387 792
667 682
736 156
824 983
905 585
858 435
966 436
308 153
232 428
670 224
22 834
966 86
663 373
95 342
825 153
460 681
660 732
485 582
507 129
546 169
736 731
232 188
858 812
522 187
233 428
160 582
412 781
960 368
917 829
332 656
642 279
824 222
232 325
522 151
329 61
825 857
160 847
680 28
56 169
825 291
209 279
166 520
331 582
667 178
170 373
633 159
404 520
160 298
320 112
825 133
232 44
460 733
966 366
13 732
545 371
825 964
911 373
727 834
188 520
780 435
667 562
793 834
824 207
557 3
545 386
858 742
905 646
522 435
294 850
736 864
673 61
905 210
232 849
135 705
160 139
458 373
328 112
966 268
387 12
755 582
99 421
736 753
460 890
332 902
232 255
966 76
160 875
825 927
460 580
543 368
872 801
905 262
281 279
905 873
241 268
673 435
966 10
906 61
736 423
329 112
825 229
806 373
115 61
960 255
982 834
736 579
825 356
960 794
736 855
905 393
960 585
160 619
412 279
882 850
905 699
736 613
340 76
844 61
607 934
621 169
787 264
966 683
184 732
563 158
95 874
569 61
825 766
116 515
744 582
119 990
460 137
387 432
667 544
160 976
160 420
960 247
736 879
160 170
272 257
736 40
545 416
96 169
825 98
545 325
736 856
680 566
736 964
120 264
359 901
817 112
522 386
885 129
232 247
545 106
60 169
272 262
232 936
905 173
812 169
813 159
635 129
538 368
232 449
272 591
736 358
95 933
825 540
960 447
17 279
825 726
232 449
19 373
858 473
736 170
905 820
148 129
854 421
198 421
856 421
853 873
549 61
958 61
95 374
522 403
183 133
232 169
736 703
736 369
941 279
308 990
605 435
667 660
468 850
557 329
128 112
946 61
463 421
58 421
191 830
297 279
351 373
40 834
412 422
131 373
522 115
38 279
385 403
191 830
753 582
149 582
88 249
733 169
845 582
522 836
514 582
387 759
960 10
960 392
736 854
680 290
332 462
730 373
736 288
315 129
460 542
905 342
558 373
54 129
905 142
332 279
960 539
670 691
605 421
795 582
209 399
232 675
306 279
2 76
707 158
211 520
95 656
824 479
160 556
151 435
194 520
470 368
960 244
174 990
938 96
952 829
272 405
824 749
332 896
232 153
460 922
178 834
667 669
947 61
966 35
622 203
235 34
885 855
960 625
447 158
695 652
755 279
678 373
113 829
966 230
272 259
210 158
595 421
308 603
272 218
332 354
960 789
272 10
160 158
960 203
960 957
736 477
966 93
562 169
966 562
905 66
105 159
993 829
580 732
534 489
460 715
95 270
272 788
460 606
951 50
40 112
997 435
966 25
160 938
905 719
2 117
896 873
709 169
114 203
20 61
905 439
140 421
341 368
267 61
905 748
858 712
160 789
332 656
252 61
407 865
824 940
966 740
617 716
209 61
285 834
460 605
387 391
160 470
966 419
667 716
393 850
225 279
178 716
522 386
982 582
478 873
241 909
103 829
232 592
340 808
332 560
232 433
607 951
997 61
557 24
905 21
945 801
825 219
665 61
43 716
135 472
824 384
272 141
376 373
460 427
340 551
533 129
209 133
478 373
355 206
667 837
209 279
905 187
356 169
232 610
209 686
782 112
825 760
191 873
447 157
966 926
477 61
966 577
160 561
232 209
447 873
905 138
970 435
209 143
905 559
251 169
923 159
95 656
149 582
123 373
755 129
349 373
160 16
918 169
232 551
698 169
387 366
232 686
272 290
730 373
966 773
522 419
340 237
332 483
960 490
650 169
796 421
905 942
97 373
545 640
948 421
905 367
175 298
232 517
905 93
896 435
782 855
308 585
185 373
606 61
148 421
736 318
439 159
460 371
2 129
232 654
359 582
196 96
426 732
858 184
736 486
123 732
966 751
960 772
960 979
966 864
945 801
88 330
905 481
667 69
232 269
419 61
522 485
191 124
160 883
308 283
545 750
545 8
607 873
959 279
887 158
461 373
404 159
232 416
395 169
858 96
9 61
407 852
905 555
232 781
960 634
825 636
290 91
308 153
259 129
460 69
387 754
534 373
824 614
669 373
858 772
2 323
733 801
960 64
667 283
796 129
824 500
960 341
232 793
578 850
534 886
442 61
960 421
95 880
18 159
736 579
905 63
811 153
960 38
858 129
960 693
905 246
38 716
340 199
574 421
796 582
2 133
268 169
232 366
858 463
417 112
522 690
905 867
905 785
607 951
272 436
686 456
667 682
349 850
736 662
757 373
779 129
794 158
635 373
736 169
966 325
960 974
825 532
858 461
858 435
989 61
825 636
960 394
387 920
825 508
539 421
401 129
232 259
481 159
88 188
460 396
460 776
412 159
530 373
721 373
960 633
363 582
545 416
232 753
126 568
398 158
160 763
858 444
232 795
694 112
88 518
858 159
670 210
211 159
960 892
905 951
667 675
387 336
335 801
340 742
680 76
308 44
980 421
667 516
819 850
667 820
744 373
918 159
196 373
209 212
166 373
824 179
966 219
736 833
98 169
858 737
492 732
680 866
819 368
232 303
966 671
658 159
736 306
522 440
680 526
612 279
332 546
858 619
466 421
252 61
960 963
53 129
916 373
966 43
375 582
447 279
126 344
359 990
966 26
736 175
81 582
288 801
570 732
960 311
31 158
308 585
905 658
960 593
272 408
246 61
973 158
232 965
120 169
191 479
191 389
48 582
692 373
966 409
160 914
858 927
232 624
33 129
885 373
960 705
12 520
973 582
126 279
966 579
994 646
825 490
415 421
960 526
905 20
736 789
680 222
376 61
178 373
460 652
272 280
307 582
88 286
160 681
686 435
561 373
486 873
966 82
858 569
232 458
960 941
852 421
407 579
680 182
2 768
387 532
460 742
673 435
571 373
57 435
41 520
541 158
460 624
825 177
722 129
332 902
583 873
959 732
232 408
589 678
736 842
150 279
232 908
54 368
535 373
574 435
460 342
749 732
261 435
337 158
232 644
2 373
460 810
478 435
736 403
460 502
545 895
825 357
966 590
474 129
246 159
804 421
232 244
198 169
914 582
224 129
353 169
33 169
825 453
534 45
385 81
272 816
47 279
825 336
95 225
736 928
791 582
332 493
522 173
232 405
88 992
858 397
858 777
232 321
95 298
825 147
460 280
387 535
680 237
960 823
430 158
736 260
71 91
736 535
2 133
210 373
104 520
667 208
960 520
363 373
209 296
973 373
966 808
460 414
532 279
372 61
460 311
905 318
460 467
680 895
377 732
460 298
960 902
88 192
160 851
959 732
950 373
824 300
160 914
178 421
670 210
918 158
232 299
960 221
232 229
160 315
707 50
387 693
9 169
332 206
160 686
966 616
251 659
960 449
191 501
332 227
709 582
858 952
667 445
667 639
744 582
160 364
522 828
966 985
858 278
85 169
607 951
960 381
88 883
88 784
988 582
825 486
699 732
656 373
179 61
95 586
966 210
736 497
962 169
825 493
807 373
232 874
95 505
116 811
858 289
460 925
978 61
905 770
299 801
700 435
2 170
135 811
825 702
966 926
915 298
746 582
944 850
899 829
338 675
290 158
812 169
2 819
944 298
567 582
232 149
793 61
843 855
680 182
557 311
232 817
824 749
966 1
460 769
88 763
288 61
736 30
883 112
736 723
960 430
95 830
396 582
376 373
774 541
522 750
995 582
191 773
707 158
88 260
905 800
355 992
905 318
825 400
412 591
471 158
960 819
794 36
160 377
460 659
674 421
713 279
407 362
589 368
172 421
460 142
340 315
557 279
948 14
374 373
607 636
160 345
369 169
48 28
68 61
198 456
460 93
825 378
680 502
272 550
960 815
223 801
95 484
736 462
557 169
232 937
858 939
2 829
272 322
426 373
705 732
160 902
736 671
232 742
966 485
332 726
667 279
736 246
960 336
905 712
545 692
232 480
966 93
532 373
232 23
825 532
278 582
825 473
985 61
905 125
962 847
736 902
736 459
960 92
357 732
972 169
960 760
736 93
272 325
527 732
439 873
736 459
960 431
242 732
988 850
905 197
905 91
736 296
88 847
194 520
966 217
960 867
905 354
599 582
982 732
160 457
960 586
667 106
385 61
412 560
460 706
460 10
65 732
160 546
95 532
853 520
522 150
756 732
154 582
607 986
642 61
324 279
522 828
209 547
35 373
232 992
858 681
546 582
830 169
667 326
251 421
594 169
232 993
557 311
667 11
948 421
385 122
539 61
262 582
548 279
460 640
667 852
905 176
328 421
524 732
824 8
966 550
522 324
966 28
960 865
960 353
752 373
960 195
858 273
726 434
261 61
160 491
600 279
667 219
272 373
711 129
966 93
960 328
390 14
607 26
251 127
966 932
736 914
232 374
905 193
95 510
232 742
387 694
905 575
2 14
960 114
65 732
545 940
359 873
774 169
960 337
492 61
243 421
252 421
232 999
232 594
316 368
796 61
272 249
424 801
558 421
966 50
326 435
253 158
88 76
667 62
824 800
960 26
522 133
171 732
966 366
387 155
960 862
905 334
232 480
340 938
407 318
232 778
968 373
241 61
628 963
89 373
672 850
858 442
95 470
667 323
141 850
522 357
825 821
657 754
172 169
858 967
530 435
934 873
232 832
825 25
95 586
905 830
667 249
858 690
195 117
232 682
450 61
160 402
522 867
228 829
771 158
232 158
966 28
340 654
366 520
385 732
387 394
686 159
491 169
679 373
966 829
724 754
241 415
385 122
730 159
674 96
351 169
232 842
387 968
667 427
960 358
853 716
824 28
719 373
58 182
272 159
966 80
846 169
505 96
522 921
294 153
589 854
209 893
905 221
478 129
232 838
2 559
151 61
852 421
522 176
883 732
905 296
824 720
160 651
232 212
145 158
680 153
905 783
216 368
272 381
461 421
25 368
824 393
666 373
667 928
637 138
960 742
960 688
455 158
309 129
18 157
966 416
829 732
824 927
966 615
918 169
232 832
601 279
916 716
753 61
284 582
341 456
272 435
460 727
690 801
137 112
552 279
272 182
539 61
966 326
545 441
356 61
923 582
134 169
387 596
65 373
340 950
966 71
960 530
308 255
232 725
905 955
674 435
912 169
402 582
858 775
545 732
905 259
232 114
721 61
308 225
387 162
589 421
412 416
667 1
873 520
623 850
160 955
952 61
232 124
229 421
377 279
905 153
858 838
116 244
709 373
387 341
966 761
966 157
824 335
974 368
966 562
882 582
944 169
460 829
854 159
543 520
571 373
558 61
667 979
160 221
794 61
736 405
160 212
880 112
617 129
95 991
460 181
88 6
232 914
2 80
89 373
680 125
108 61
736 32
308 941
272 453
232 696
90 158
191 814
176 159
534 360
213 373
534 663
624 373
720 112
246 435
799 373
88 582
232 368
209 196
960 657
889 933
960 37
858 901
966 539
606 373
825 837
777 8
454 435
290 91
546 34
616 112
198 421
824 152
970 834
232 170
825 995
905 513
939 61
95 644
232 100
905 970
209 196
825 283
414 435
825 189
825 342
960 306
19 80
79 373
966 216
594 158
95 636
736 71
136 14
960 864
232 418
545 692
966 613
232 566
869 850
786 61
140 421
667 813
457 61
522 104
960 681
540 61
667 652
667 289
842 61
736 96
380 158
858 517
460 392
88 585
960 457
779 716
165 732
170 169
337 582
858 913
825 61
978 834
266 829
160 515
48 158
272 463
345 169
667 616
160 614
460 38
449 169
736 518
678 61
858 93
277 520
617 850
332 529
858 133
151 279
824 709
966 138
511 598
460 480
534 756
272 934
132 50
178 829
595 8
460 967
772 373
460 408
736 992
825 873
966 143
960 146
858 305
43 421
308 66
160 81
95 148
858 431
35 435
960 758
272 158
762 373
433 850
966 681
69 112
195 963
95 63
151 129
779 582
387 523
985 990
7 373
522 324
121 61
923 159
272 823
667 24
133 873
909 582
308 212
802 373
65 61
370 421
905 390
667 219
522 902
825 770
450 368
160 888
422 582
736 16
966 468
966 630
667 124
277 582
838 456
406 279
858 500
897 159
332 758
450 435
353 112
631 169
87 933
872 373
825 719
341 96
960 181
960 983
477 50
960 244
997 732
803 725
160 416
696 421
960 112
454 582
95 187
236 61
686 732
824 497
516 61
883 732
2 784
370 732
296 801
570 732
210 373
425 373
545 582
680 358
824 8
460 977
232 100
960 247
387 675
258 158
232 813
667 542
308 941
460 992
97 582
11 129
232 481
960 776
720 933
960 70
879 850
236 421
541 582
205 520
395 373
858 801
960 486
309 158
905 820
667 293
961 169
207 850
232 731
95 991
95 923
460 672
135 633
370 732
422 112
871 732
471 373
332 789
460 738
751 732
25 732
150 61
960 290
600 279
824 489
250 373
460 510
340 224
943 61
263 169
54 112
354 582
960 426
803 61
232 153
756 373
420 158
793 829
960 872
406 435
272 411
736 459
137 129
736 591
736 173
736 250
741 169
858 497
387 693
387 360
736 506
842 855
858 112
529 61
249 754
522 651
668 801
488 158
752 61
736 894
518 834
736 489
967 582
272 490
625 158
995 159
825 933
989 732
756 158
680 324
191 525
905 639
667 138
460 212
419 279
272 692
78 582
31 373
736 333
332 773
412 716
825 490
692 933
966 310
885 129
738 342
736 142
407 113
736 479
355 279
280 112
2 290
95 314
905 948
736 27
680 716
79 373
262 169
675 834
960 125
552 582
116 169
960 916
756 129
232 566
387 857
700 582
545 373
272 61
960 295
417 732
398 279
31 373
858 891
160 182
825 435
966 289
460 620
905 433
102 732
160 801
736 485
956 129
460 737
499 801
966 306
667 131
307 129
966 146
966 984
385 392
617 990
191 52
817 732
88 172
958 129
372 373
160 868
160 497
7 373
674 61
589 473
667 432
736 873
522 80
574 279
966 843
743 582
84 716
626 169
37 520
960 458
765 61
160 603
689 732
669 169
858 970
160 763
926 582
522 357
589 61
139 933
736 821
966 768
250 834
395 158
863 158
460 807
960 162
960 849
387 804
670 422
587 129
667 35
824 433
667 844
138 373
335 582
160 418
627 159
907 169
190 368
905 444
966 326
510 14
149 61
160 999
95 208
960 382
858 435
338 834
905 325
627 159
647 144
148 421
2 233
232 595
960 593
960 865
736 925
277 732
183 231
944 500
905 847
124 732
303 279
736 384
2 390
927 368
232 613
858 448
95 113
460 188
545 701
387 931
882 373
971 61
100 169
858 770
966 985
323 732
19 421
194 373
410 421
272 336
966 438
667 259
825 357
682 873
557 758
825 782
895 732
121 61
680 462
522 933
607 35
966 935
307 61
960 175
120 129
960 717
627 813
960 585
58 990
736 791
135 843
160 801
272 919
545 636
297 279
160 270
756 279
460 514
736 124
736 513
452 158
858 737
858 261
460 596
960 852
359 506
594 421
458 169
88 742
824 201
97 732
92 933
698 169
905 320
272 566
577 829
858 773
95 122
232 991
332 801
960 562
966 462
764 732
2 829
554 61
966 968
735 169
871 159
667 8
346 158
82 368
176 368
810 435
326 61
453 732
272 524
387 823
58 373
858 166
571 373
824 255
304 80
460 94
27 129
736 501
178 112
599 732
272 386
522 757
905 290
134 61
653 279
501 61
581 50
259 158
498 169
183 169
332 803
95 874
460 871
160 490
522 66
736 881
272 940
960 397
95 141
966 891
69 582
407 373
858 717
422 732
736 158
610 129
232 213
387 513
232 121
623 582
868 373
40 435
817 112
960 249
412 598
825 335
680 99
460 506
460 234
645 373
431 373
12 373
209 446
702 169
625 520
546 279
232 850
88 699
825 665
209 579
670 476
272 93
635 61
578 61
232 173
700 159
165 435
736 188
387 271
728 153
945 801
188 158
961 61
187 279
736 138
232 992
825 821
232 356
120 373
88 432
960 214
385 651
126 737
144 169
308 732
219 112
105 159
966 562
38 279
736 324
691 421
691 716
905 873
804 421
858 100
249 158
272 485
420 61
412 260
18 298
858 16
346 279
858 694
460 897
858 375
960 222
960 990
825 909
960 54
209 80
978 435
966 560
845 279
905 334
736 260
667 585
557 938
142 158
966 834
627 159
966 280
232 475
95 568
230 373
680 508
88 855
280 435
960 525
191 169
272 8
460 876
557 876
905 142
736 769
824 550
858 176
39 279
905 781
355 342
30 732
970 129
460 459
905 658
670 100
251 865
632 61
524 582
232 784
944 955
209 184
151 421
460 832
860 732
443 129
95 540
232 509
467 373
667 418
824 554
960 246
960 964
683 129
385 122
898 61
160 392
232 614
824 222
960 737
116 515
946 279
960 784
160 991
308 844
193 732
645 855
272 152
858 309
232 639
966 349
335 520
966 204
685 61
966 392
460 792
768 371
557 987
670 411
824 577
348 582
522 950
219 732
545 517
824 50
256 112
905 48
825 70
966 1
135 237
858 712
332 740
462 435
960 769
460 826
160 681
809 732
867 373
160 865
387 964
387 394
736 697
966 528
921 61
736 366
966 492
906 61
460 787
126 279
88 283
332 35
545 498
131 850
966 456
825 971
851 834
901 801
960 880
272 28
721 582
717 169
798 169
232 263
213 112
960 236
602 61
966 612
110 159
556 582
960 876
419 732
736 754
120 279
191 133
522 950
104 129
308 44
905 63
232 104
160 993
905 292
607 394
655 855
460 628
232 420
458 158
459 8
670 321
905 91
232 144
236 112
970 96
686 435
308 264
296 279
468 129
600 732
260 582
524 582
670 411
557 603
522 739
960 863
545 383
194 781
412 713
858 169
339 158
966 517
736 828
825 747
736 562
824 585
191 814
2 357
95 571
736 137
736 925
471 169
825 737
607 485
966 718
451 582
202 732
267 373
466 582
332 306
95 290
667 34
995 159
230 279
191 373
460 134
643 421
691 559
160 360
4 801
931 279
960 711
196 732
736 658
878 61
384 373
628 61
680 805
332 96
232 499
232 491
516 732
232 176
379 754
666 129
736 446
232 161
667 590
232 823
736 920
494 158
116 822
960 540
960 855
824 28
960 344
736 577
431 153
460 677
60 435
960 727
748 158
905 398
736 528
887 850
666 582
460 700
534 983
563 373
960 700
523 112
522 828
508 582
589 585
160 889
545 573
626 158
139 279
522 122
332 740
95 528
960 844
858 596
905 458
783 279
858 686
967 520
858 93
355 226
294 435
426 732
824 536
136 373
65 732
417 582
132 61
123 373
660 582
905 141
330 373
27 61
209 249
206 61
966 697
557 403
743 373
478 129
468 582
667 62
116 850
232 55
265 373
966 47
532 582
522 422
736 378
966 992
116 566
960 727
232 599
736 421
2 807
905 72
534 212
858 829
826 373
858 490
824 957
966 342
296 373
824 152
858 150
232 4
263 373
407 22
232 755
905 66
824 499
387 336
960 714
241 279
824 203
232 433
667 35
607 403
825 263
966 978
209 167
557 464
589 724
824 514
160 936
825 181
460 526
667 116
522 270
858 778
905 577
370 279
966 222
966 808
572 373
826 158
667 187
460 167
209 938
631 435
667 77
316 373
566 112
440 754
126 8
680 123
588 582
966 330
308 283
506 61
667 203
209 547
439 520
168 435
135 240
88 777
460 481
460 584
423 61
127 732
545 517
736 119
670 224
746 112
874 801
961 129
460 836
429 279
232 965
674 158
183 289
905 271
185 435
232 318
918 732
209 560
736 751
653 373
232 630
232 948
272 320
332 76
437 754
966 449
272 447
824 676
905 14
162 829
232 590
779 153
202 829
545 963
406 169
588 582
905 67
736 979
460 415
40 582
736 588
548 373
966 415
825 350
405 732
858 170
667 888
412 403
858 529
272 444
450 368
144 373
187 434
160 1
387 420
960 965
764 112
272 762
160 14
460 726
198 435
160 547
746 373
966 693
960 284
549 582
830 158
825 52
885 373
599 279
791 279
412 740
576 61
959 582
966 203
516 732
824 840
604 373
135 789
372 129
824 803
460 361
950 158
160 371
960 319
522 852
573 582
960 154
349 158
667 852
545 386
579 158
103 373
854 582
190 169
736 581
824 965
552 435
825 292
721 520
2 663
858 651
427 873
160 445
960 382
211 61
905 654
412 904
824 289
460 346
607 893
824 639
607 669
736 306
241 416
360 582
756 129
619 873
209 439
460 305
637 234
488 732
482 834
460 659
934 456
126 789
270 169
667 347
86 421
904 61
272 72
272 897
269 279
232 888
146 61
387 138
960 368
148 373
184 159
194 373
160 175
79 169
680 133
825 813
774 373
232 1
545 963
545 762
331 225
522 153
460 244
430 158
297 732
683 61
824 697
190 279
764 520
278 373
736 527
858 829
551 112
667 3
667 940
966 532
736 495
232 542
160 785
545 67
412 291
522 178
272 840
966 821
978 520
866 169
825 702
852 834
94 732
921 850
67 582
858 718
545 940
641 279
670 943
272 225
90 732
2 936
344 582
858 996
736 297
966 337
384 582
736 600
2 582
95 484
866 435
923 716
232 55
387 336
360 159
209 377
160 748
858 720
206 153
38 520
460 446
316 169
160 515
532 834
232 900
384 112
13 582
865 421
589 225
973 873
332 373
647 169
402 129
137 61
272 6
905 819
103 850
966 144
736 879
966 843
126 789
387 259
387 675
142 435
227 112
680 861
380 169
135 250
188 158
960 222
919 61
966 289
460 881
460 325
891 435
444 732
460 810
522 515
667 394
170 850
999 855
667 12
944 850
736 261
450 129
905 77
41 520
522 362
308 741
824 861
736 24
565 169
736 188
460 903
720 159
960 391
736 823
736 36
232 249
209 286
487 373
397 368
966 8
825 763
160 86
232 34
48 582
460 6
232 86
630 850
565 61
545 159
905 845
160 90
272 453
996 435
858 461
858 441
84 373
507 129
667 659
95 373
236 421
589 904
451 421
436 279
960 644
535 158
738 801
935 61
161 61
606 373
460 698
736 353
905 221
966 646
966 360
960 968
607 53
545 14
966 596
749 279
839 169
824 266
721 582
619 368
18 990
842 435
160 231
966 646
444 112
424 279
417 129
95 864
88 3
232 937
736 93
209 133
602 279
645 158
548 582
232 989
667 684
893 129
667 879
736 711
95 646
211 153
891 96
38 716
690 435
905 89
545 325
146 373
160 508
557 236
905 173
544 61
413 963
804 169
966 759
160 977
736 4
460 672
736 399
581 801
332 260
816 169
387 685
631 112
460 546
18 158
475 582
135 76
160 648
898 834
541 279
573 373
825 62
633 279
627 169
958 850
960 269
2 831
824 817
966 539
280 873
805 520
160 503
680 76
736 392
545 601
824 676
905 881
915 873
17 279
160 976
191 52
232 806
905 378
369 158
825 472
910 61
21 159
960 874
858 546
309 834
903 279
442 373
460 785
522 229
824 678
440 933
232 840
775 117
422 50
387 81
92 732
232 286
460 280
116 91
522 641
220 153
795 716
702 421
825 153
545 99
241 373
241 781
701 129
557 411
905 874
824 319
966 311
905 754
791 279
858 196
960 523
905 934
848 264
824 794
825 773
187 279
140 801
825 208
547 373
246 279
667 789
259 112
931 61
966 834
853 873
782 834
272 881
9 582
558 582
960 819
966 394
314 158
460 572
492 582
95 148
736 473
768 129
701 169
859 169
960 528
164 582
680 76
680 182
961 373
212 373
858 66
425 421
905 229
308 822
95 974
825 963
401 373
557 943
825 985
460 731
948 435
167 520
511 748
183 153
905 57
232 759
797 801
735 582
858 237
44 50
695 652
858 829
88 392
448 373
844 520
183 727
966 325
960 206
410 279
824 692
910 158
966 113
487 169
960 796
160 202
226 373
78 159
151 435
667 749
232 644
543 61
824 4
905 33
387 879
966 510
160 726
736 706
223 834
960 503
707 169
905 847
952 159
607 669
736 704
680 569
905 888
504 582
485 169
966 83
232 687
946 298
751 373
670 277
296 373
948 582
825 175
988 582
160 873
736 53
667 489
272 683
682 873
460 730
966 559
960 494
232 108
191 593
905 225
928 855
204 169
670 321
628 373
969 112
148 373
460 181
95 819
796 153
905 454
232 142
408 8
771 61
308 871
230 373
966 803
966 802
960 184
4 112
825 29
460 656
95 915
871 169
232 547
736 996
966 309
687 801
966 167
680 422
978 169
960 882
736 529
73 829
966 507
960 819
966 904
858 392
12 716
997 112
450 435
858 654
858 686
272 381
667 203
601 61
825 691
858 374
232 932
88 428
125 732
616 129
811 279
667 654
460 876
493 169
232 693
88 696
960 984
556 159
350 520
905 378
284 373
460 143
160 741
412 741
377 435
667 380
966 106
72 850
308 283
236 182
410 373
736 636
48 368
966 208
35 373
460 491
2 389
734 158
460 518
387 685
905 408
232 81
825 404
960 415
684 50
948 801
960 52
667 289
667 208
71 61
858 747
966 483
262 850
232 195
905 654
160 874
126 789
766 582
636 169
468 855
825 233
966 755
250 421
522 518
40 732
824 855
460 684
252 732
687 61
858 438
960 897
308 313
522 63
557 648
858 472
736 820
966 741
118 279
839 582
976 801
22 158
232 215
667 333
272 25
736 129
10 373
173 582
272 508
272 420
858 428
960 386
825 413
308 942
160 297
766 716
522 368
76 582
960 299
228 732
31 732
110 582
86 169
736 451
715 834
960 588
232 594
545 797
160 325
680 290
232 168
232 910
389 716
522 169
18 540
290 91
522 112
232 62
993 801
557 914
824 582
858 91
791 279
27 158
637 295
966 520
272 30
977 169
825 863
825 4
272 485
95 537
557 82
160 883
905 927
160 203
451 834
739 855
88 315
232 459
335 801
272 240
858 712
143 373
371 169
762 169
2 985
905 999
960 375
44 902
736 23
173 963
487 373
960 811
160 250
232 187
960 712
402 582
393 159
121 732
799 873
736 234
557 926
854 153
183 153
192 61
960 264
332 438
824 239
966 573
824 306
898 834
232 485
680 569
2 559
183 373
960 414
960 315
426 582
815 732
680 938
249 801
379 373
960 776
736 105
960 330
160 826
18 414
522 781
680 675
2 390
272 705
734 129
97 732
858 547
232 402
858 386
607 728
522 780
209 558
239 582
522 234
214 158
160 451
160 398
617 169
195 368
2 663
135 789
245 373
200 61
830 732
460 540
389 435
905 26
825 754
232 500
691 559
960 827
460 28
966 46
460 515
226 801
545 523
905 222
92 421
960 817
890 61
460 555
682 582
460 891
960 785
522 172
272 932
2 902
960 428
736 590
490 61
836 520
667 462
960 87
825 86
644 373
232 248
494 754
993 421
186 169
136 732
997 112
557 169
534 238
839 732
425 582
545 473
667 881
670 700
955 373
690 61
966 693
656 373
825 369
361 61
332 636
736 423
858 438
824 532
493 169
370 279
667 727
960 55
966 754
20 373
858 466
845 129
788 582
232 551
460 922
667 416
614 520
824 822
522 935
858 852
830 8
11 732
960 847
736 437
557 386
232 681
825 850
232 600
460 403
543 61
905 734
810 169
272 855
308 133
163 373
232 77
667 681
655 373
611 169
707 61
272 595
220 279
858 202
759 61
460 942
1 435
905 132
998 279
966 193
126 61
309 963
736 46
333 129
396 435
530 435
525 421
18 840
170 373
667 684
736 636
667 859
534 360
824 463
495 368
88 847
12 368
460 227
898 169
387 413
151 61
680 233
387 318
555 169
680 462
736 181
966 432
905 26
796 732
905 892
545 974
232 419
960 139
905 964
460 388
232 235
563 732
667 836
736 23
824 114
816 732
297 169
970 61
736 694
272 750
736 288
417 129
314 169
77 716
2 657
680 389
258 732
357 61
529 716
346 279
460 228
406 61
232 514
272 234
824 711
160 330
824 483
473 129
121 61
475 421
667 761
736 253
887 159
95 266
460 483
148 91
506 421
301 582
18 888
984 112
667 550
905 897
160 902
346 421
232 816
897 159
825 147
820 279
191 814
736 141
960 786
905 147
163 373
401 279
183 231
460 919
460 346
792 61
272 257
454 373
604 732
95 260
232 752
487 129
411 279
960 117
736 976
960 690
460 874
387 55
896 61
607 129
387 203
20 732
824 739
232 693
633 159
385 286
667 656
825 229
58 814
545 575
116 212
843 582
232 103
966 813
455 829
914 373
858 600
589 304
145 716
905 458
232 716
960 999
417 582
369 169
209 325
779 716
232 374
905 599
337 61
557 175
460 742
905 146
532 169
905 596
966 741
522 669
994 373
960 256
825 33
508 169
680 186
522 63
816 829
7 829
736 176
966 342
116 770
95 212
667 289
545 29
202 850
736 552
522 579
522 789
736 74
18 89
122 421
667 849
905 908
160 368
960 908
160 473
95 205
331 834
267 732
202 850
825 683
668 435
905 405
966 122
116 133
387 118
960 201
980 421
680 129
966 709
966 740
296 801
825 704
209 373
692 169
736 902
858 576
24 582
960 879
512 153
209 955
779 582
960 640
905 490
905 399
79 582
825 663
932 169
667 872
736 720
680 91
272 411
984 129
905 590
825 909
18 411
966 168
183 752
746 732
460 212
387 421
90 61
332 28
608 373
539 61
460 80
736 330
364 159
825 459
522 129
39 112
544 279
211 159
905 508
824 463
160 638
961 373
960 360
232 280
370 732
209 366
905 847
387 81
814 279
460 862
160 508
721 520
183 50
825 928
736 282
842 855
160 528
905 813
160 448
905 514
272 865
308 943
736 934
272 282
160 753
858 156
955 279
355 526
545 603
60 373
545 750
858 108
17 279
947 520
858 513
232 109
824 793
192 373
825 871
667 684
387 582
232 148
155 169
825 263
535 520
736 228
858 52
188 50
332 73
543 159
905 561
88 699
232 181
272 156
917 855
171 582
858 622
858 1
611 112
387 429
825 441
574 112
825 325
232 7
817 732
84 421
272 371
803 169
232 420
667 11
79 732
209 738
623 373
825 804
534 70
667 10
522 333
613 129
541 96
95 834
275 520
966 942
960 174
736 10
43 50
736 8
680 133
401 421
962 577
960 495
736 112
704 368
765 279
474 582
163 373
362 435
527 61
261 50
650 582
160 45
858 354
350 129
68 203
354 158
460 849
460 555
858 50
90 435
267 159
860 61
232 859
160 617
918 373
767 169
88 299
460 61
332 993
232 45
440 754
160 473
387 261
232 711
209 184
232 66
824 138
581 582
387 104
913 373
545 386
139 754
405 112
160 880
404 963
241 855
571 61
88 816
460 778
545 428
858 483
704 373
736 62
377 112
272 598
209 212
165 61
923 279
988 373
966 889
698 829
904 373
905 336
496 129
905 313
960 672
825 748
931 963
160 998
88 188
232 260
272 581
905 374
566 61
9 373
557 61
877 732
672 855
825 595
905 940
905 747
29 373
522 422
412 159
256 112
327 435
966 169
209 403
931 169
228 732
487 158
966 403
6 61
667 410
460 685
115 732
736 493
713 159
509 279
978 169
824 427
205 902
893 373
906 61
387 275
667 432
398 732
960 873
160 806
960 544
809 850
67 169
825 769
272 25
232 840
201 61
918 732
259 129
65 279
232 118
667 122
559 732
887 801
715 61
210 61
191 235
340 829
460 687
191 501
765 129
308 66
410 834
887 582
629 159
870 112
825 561
232 895
858 506
207 279
662 169
736 119
522 964
396 61
858 298
337 421
171 732
84 716
960 215
565 582
460 458
962 368
822 279
2 912
241 415
511 748
54 520
780 153
824 525
607 61
905 313
148 169
2 823
955 61
736 156
960 237
824 70
667 834
160 991
680 324
736 657
858 406
966 866
232 985
534 66
905 687
48 373
359 373
160 715
825 29
960 212
708 169
866 373
557 914
858 793
332 109
624 801
679 732
824 663
858 289
534 102
881 373
960 954
905 72
416 61
858 742
88 730
797 129
232 757
387 63
364 129
966 352
773 873
191 14
961 169
824 493
160 74
960 559
119 159
934 582
322 61
519 582
905 508
232 311
232 620
736 532
232 228
232 92
191 993
691 873
607 845
173 582
827 829
734 279
516 435
541 112
272 515
989 158
228 732
332 848
88 69
232 586
534 482
667 941
687 112
387 921
905 971
95 548
966 978
248 159
522 566
736 731
97 520
460 437
94 850
460 927
667 669
585 169
85 61
545 371
194 428
975 456
667 849
387 52
272 938
753 158
332 836
165 373
460 636
736 821
897 834
460 988
460 190
484 873
974 61
388 373
387 696
185 279
2 732
232 62
697 520
77 732
891 61
487 421
756 421
272 526
736 873
858 964
966 159
232 414
680 356
905 836
116 990
191 152
557 411
966 374
736 391
557 850
431 435
232 104
232 542
388 873
19 850
160 729
490 61
918 582
512 373
2 76
232 195
179 582
736 71
43 279
826 582
272 188
667 161
332 281
232 887
905 506
276 169
736 631
534 66
667 669
163 611
966 80
506 61
591 169
183 25
665 614
905 356
966 540
460 296
220 61
960 592
607 61
825 394
905 892
17 279
858 146
667 432
736 725
160 681
736 369
125 229
232 739
88 192
966 561
88 742
987 129
149 732
858 778
160 656
660 732
993 421
346 61
534 318
604 158
442 203
980 421
607 841
824 550
160 201
507 61
966 339
958 61
95 276
460 977
104 732
784 373
232 951
38 61
460 393
232 677
966 315
824 737
232 237
607 787
960 742
960 481
93 368
259 421
960 304
736 305
236 159
232 683
522 990
145 158
251 659
522 805
460 573
387 883
460 32
825 847
197 158
545 490
736 676
227 279
185 159
872 157
858 972
966 112
960 942
783 169
209 732
824 445
910 732
340 852
232 617
300 435
667 663
241 416
407 579
504 50
427 169
272 152
841 421
359 235
905 692
272 914
316 582
160 212
825 212
960 658
905 205
960 446
960 456
974 169
736 702
460 743
442 61
530 61
925 520
343 373
534 261
300 129
736 170
945 158
736 438
339 279
960 201
232 416
372 902
412 640
232 100
966 826
667 881
966 306
2 924
460 233
387 873
694 732
960 554
232 990
460 393
713 112
95 451
974 582
39 373
673 61
232 96
901 158
858 480
960 12
861 169
667 240
736 902
492 169
825 763
966 491
816 716
387 81
960 287
160 187
401 169
160 57
557 8
858 685
402 373
667 154
191 992
611 582
960 137
667 403
960 872
667 741
277 582
482 373
460 940
557 82
269 435
331 850
766 435
824 676
667 122
366 732
95 890
905 834
308 585
272 8
534 220
95 309
232 758
905 532
947 158
611 732
253 158
425 158
827 169
460 38
482 732
332 541
741 169
160 556
905 218
105 582
461 373
545 568
680 926
706 435
97 373
578 421
522 75
232 982
473 582
308 927
355 599
460 886
960 113
332 381
455 582
313 801
566 157
232 215
412 591
479 582
460 542
395 112
958 129
297 732
460 473
736 190
667 275
232 456
858 305
994 943
232 850
680 309
623 732
332 486
113 732
6 169
687 435
670 547
736 263
858 100
2 951
232 687
561 732
689 158
736 188
460 920
250 435
824 509
168 582
736 676
581 61
667 820
736 301
388 435
736 987
825 299
332 753
825 501
695 732
300 159
160 430
524 850
960 865
51 61
666 61
960 965
332 900
18 414
858 688
984 129
95 144
564 373
736 458
458 129
256 373
947 61
736 819
404 112
594 158
736 547
542 61
632 279
95 591
539 421
858 76
858 311
1000 169
301 421
95 435
232 747
460 809
88 515
557 938
745 421
736 290
589 225
174 732
846 850
88 51
662 373
571 732
171 373
332 144
860 50
858 490
640 169
419 61
960 30
126 514
369 855
95 93
2 341
257 732
700 159
88 81
966 501
736 783
460 696
232 479
236 725
387 28
313 732
160 866
545 640
460 14
232 350
90 169
755 801
460 925
126 568
682 129
532 855
317 169
95 483
922 435
485 801
88 971
960 49
524 725
379 373
824 639
522 368
251 865
960 247
244 373
772 298
95 281
545 140
845 112
966 829
680 833
110 421
966 695
736 319
789 435
798 373
387 419
217 112
359 50
970 373
83 61
960 459
670 891
18 411
757 582
387 527
27 582
40 421
960 298
160 224
160 897
858 527
160 378
960 692
655 279
782 754
583 520
54 61
206 834
703 158
866 520
960 29
905 140
905 411
905 28
667 663
960 800
460 737
460 418
858 502
232 420
387 405
455 169
84 279
522 502
54 368
155 279
966 413
966 538
105 732
905 554
387 675
272 877
879 435
332 836
858 987
966 366
932 112
301 421
736 225
111 373
197 158
88 428
88 315
736 533
232 159
95 832
622 203
557 938
808 373
388 373
858 33
232 991
420 159
101 158
639 421
445 169
667 320
650 373
210 158
534 983
412 342
824 883
160 691
281 279
951 61
51 279
355 909
71 963
581 421
736 104
95 856
553 169
232 616
431 582
460 524
545 582
736 933
838 963
232 798
332 4
667 137
966 325
858 234
858 883
191 525
960 613
896 158
1000 158
998 373
736 16
995 159
517 582
272 919
403 855
976 158
460 227
95 512
522 566
95 636
864 435
887 61
534 71
522 902
226 582
272 815
777 159
135 992
772 732
976 158
372 129
333 169
136 14
623 850
858 415
960 126
460 43
960 104
736 24
980 61
607 428
565 732
340 433
966 661
966 315
232 86
252 61
115 421
858 326
628 582
232 784
409 14
308 311
460 358
824 678
460 837
905 279
882 421
713 159
919 279
825 990
606 169
736 671
272 550
294 933
667 45
966 195
994 757
460 506
966 157
565 582
842 158
247 61
557 169
404 61
417 373
960 52
592 582
232 152
966 420
557 175
954 169
31 421
736 124
667 66
945 373
966 821
624 582
60 158
412 133
95 936
460 314
573 61
557 518
88 260
160 693
461 169
667 253
98 169
905 333
522 214
95 13
287 373
100 829
960 952
713 732
308 941
249 112
667 883
622 203
736 517
736 153
387 35
960 141
288 279
748 169
757 153
825 242
209 764
272 320
736 619
466 834
524 61
796 159
688 298
160 81
966 169
242 129
710 732
460 28
709 373
840 582
522 834
966 938
824 737
545 634
966 83
966 626
858 177
607 373
878 435
189 732
736 992
825 350
272 320
498 582
473 61
680 856
966 458
966 364
95 282
736 34
907 582
960 306
232 493
708 373
365 50
906 159
960 807
736 36
17 279
351 716
960 59
825 895
658 373
960 157
960 711
960 780
68 203
960 917
209 286
680 319
607 934
736 762
802 61
431 112
905 965
272 938
966 461
121 279
462 373
660 279
332 512
649 158
667 732
387 527
88 518
460 761
339 169
183 133
825 776
501 421
905 987
994 857
292 732
824 598
534 849
966 820
905 941
125 421
69 373
272 188
479 373
522 45
88 585
460 851
838 435
824 548
905 472
206 716
232 306
460 315
310 129
825 325
966 717
738 373
209 143
981 61
21 582
66 582
960 610
132 732
736 808
232 462
2 208
825 240
602 520
232 596
898 368
854 61
960 9
960 758
989 158
77 582
116 16
105 582
824 864
199 582
88 613
387 586
460 624
232 672
670 518
17 873
557 311
667 161
308 694
460 231
412 36
330 159
183 237
460 554
960 346
504 279
387 182
67 373
387 52
915 279
966 260
160 868
131 850
959 373
667 834
745 421
18 990
960 144
960 892
812 435
608 421
1000 582
160 539
718 368
858 685
460 231
450 582
98 169
858 867
922 435
460 940
966 366
460 582
478 169
272 683
281 732
95 715
700 61
824 753
736 748
69 520
795 203
904 61
176 159
272 93
232 965
95 813
686 582
825 229
858 411
693 50
578 169
861 61
589 38
905 33
545 847
243 61
851 279
989 279
736 783
905 319
387 950
13 373
905 437
851 373
620 368
820 279
667 872
825 175
828 834
960 554
897 732
996 129
387 828
128 368
905 491
236 61
512 61
232 464
460 153
191 728
966 942
966 913
272 6
736 72
966 751
45 61
639 279
825 767
387 614
272 85
670 481
142 373
450 129
460 261
905 501
960 704
58 990
88 712
331 654
665 520
232 305
736 453
736 301
966 94
232 123
232 413
387 421
736 108
960 159
966 483
460 669
825 765
332 24
460 989
244 368
858 628
981 169
197 582
42 158
160 433
191 279
332 568
736 319
960 8
691 298
791 582
607 403
735 891
913 373
945 801
95 880
387 394
858 718
789 421
236 829
160 268
704 373
854 732
281 279
960 514
966 971
522 270
541 147
714 850
966 141
667 727
88 538
84 716
960 320
150 373
825 112
966 989
845 61
667 137
858 411
522 440
723 61
24 732
332 437
209 805
272 595
604 435
40 373
960 464
198 855
858 691
522 273
22 834
561 373
172 435
670 279
557 730
960 73
404 373
460 481
858 280
736 352
736 527
116 405
460 935
334 203
905 585
88 220
905 810
708 169
272 416
557 838
232 790
960 814
460 583
2 169
464 435
250 435
736 661
736 910
667 582
825 764
694 373
736 24
736 581
31 158
232 805
460 672
652 421
736 770
272 677
231 373
877 829
858 540
905 449
418 169
736 654
960 93
858 693
910 61
209 893
667 836
691 421
905 536
407 582
648 421
905 712
232 322
239 373
232 347
710 732
160 112
583 582
667 211
160 25
272 847
205 203
232 69
966 879
387 468
858 697
460 681
522 864
349 158
301 61
272 15
825 800
858 801
959 421
83 421
960 880
177 61
825 500
858 797
160 914
825 538
976 158
194 480
824 124
858 419
116 237
667 836
236 129
702 855
966 502
308 346
753 435
460 936
740 435
40 834
884 373
385 732
412 26
565 582
622 368
548 169
232 561
736 218
198 373
130 582
267 129
361 582
296 732
504 50
270 732
105 834
232 368
299 582
858 305
160 874
959 61
504 435
752 732
858 643
460 473
824 582
522 577
488 158
509 129
629 373
312 61
232 677
308 869
166 732
824 461
998 909
232 517
2 14
734 279
191 501
948 112
607 636
667 102
474 50
593 373
460 602
667 122
667 894
272 39
406 435
256 373
824 616
206 373
994 582
211 159
232 778
825 314
466 834
545 67
365 159
460 55
2 129
622 203
522 290
667 990
18 129
905 265
27 169
952 732
858 297
960 157
272 880
858 500
966 306
330 716
44 50
160 406
232 921
209 225
232 3
412 633
557 876
771 793
95 120
962 373
644 373
667 927
953 50
460 939
258 112
824 378
135 297
700 732
88 231
322 61
88 161
736 509
912 834
148 421
784 169
848 373
858 794
626 373
232 807
545 449
84 129
967 873
272 34
88 768
121 731
355 526
736 206
451 169
994 373
966 194
819 732
406 61
460 682
824 205
160 451
736 128
539 61
736 510
160 575
195 520
347 96
797 873
191 916
232 230
960 919
232 159
340 550
966 268
663 169
736 215
460 254
545 100
966 281
736 656
343 520
621 169
45 112
460 240
858 184
905 376
485 582
460 406
868 435
191 52
959 421
90 169
966 267
490 158
88 777
379 279
160 377
232 912
755 158
825 80
792 61
905 577
272 34
509 169
493 520
95 586
905 422
858 184
736 646
680 840
232 778
580 169
966 204
858 992
340 225
460 896
960 117
353 902
960 596
858 435
232 433
667 983
670 114
947 421
736 108
232 421
605 435
730 716
396 582
245 169
412 373
825 109
160 681
736 515
858 732
625 61
612 61
790 421
232 743
531 61
852 963
858 297
6 582
296 582
875 435
511 373
803 279
307 61
395 373
387 564
966 681
232 295
960 418
960 295
511 748
232 382
607 158
670 411
557 603
794 159
232 659
95 208
232 954
518 373
340 950
42 158
557 473
232 770
569 158
783 61
966 234
966 309
736 51
232 85
667 990
998 61
391 169
460 728
680 716
232 673
522 26
726 520
160 914
224 159
232 109
460 72
307 368
258 373
383 456
32 91
966 646
764 732
246 169
592 829
340 61
607 636
18 520
858 675
799 158
160 726
355 242
460 876
354 158
340 808
160 737
115 96
412 591
219 61
997 112
232 336
522 566
607 26
736 172
186 279
385 286
95 991
667 8
667 330
825 392
387 658
858 93
947 182
825 804
529 169
160 967
558 169
905 368
232 755
599 582
607 365
905 776
387 122
88 366
522 105
228 279
960 751
858 162
6 169
825 519
269 435
960 66
209 366
859 169
88 52
667 420
209 483
268 279
681 112
667 1
332 24
960 610
906 373
858 898
412 639
974 732
460 646
825 548
667 764
639 279
401 373
960 437
736 712
712 421
870 754
607 934
160 428
191 873
522 147
736 346
858 146
20 61
796 159
458 732
232 532
151 158
460 692
670 518
824 424
332 486
890 8
825 847
209 184
460 330
678 373
667 208
960 273
232 767
160 286
858 390
481 368
858 159
116 659
522 159
960 256
677 829
545 847
496 61
522 151
960 129
858 770
966 381
42 373
858 543
905 569
947 169
994 373
88 678
276 169
839 829
444 732
858 580
332 908
303 582
522 457
966 112
825 133
268 373
680 169
95 585
858 298
960 347
825 326
89 520
332 490
522 320
843 298
95 189
960 982
387 235
930 279
209 708
407 236
703 373
460 659
82 158
966 372
460 558
685 520
858 137
960 278
736 642
387 235
522 568
120 732
625 732
960 927
417 159
119 421
160 520
160 152
680 603
232 510
88 366
272 855
825 66
858 777
272 405
375 158
581 158
858 98
558 582
160 337
905 57
960 445
534 305
460 130
116 244
361 129
607 938
160 170
232 950
2 390
982 855
20 279
323 61
422 158
514 158
131 373
607 643
607 734
268 169
670 448
